Traceback (most recent call last):
  File "C:\Users\Tar Emmanuel\AppData\Local\Programs\Python\Python311\Lib\site-packages\sqlalchemy\engine\base.py", line 1967, in _exec_single_context
    self.dialect.do_execute(
  File "C:\Users\Tar Emmanuel\AppData\Local\Programs\Python\Python311\Lib\site-packages\sqlalchemy\engine\default.py", line 951, in do_execute
    cursor.execute(statement, parameters)
sqlite3.IntegrityError: UNIQUE constraint failed: stores.is_primary

The above exception was the direct cause of the following exception:

Traceback (most recent call last):
  File "C:\Users\Tar Emmanuel\Desktop\projectx\PharmPos\verify_sync_id.py", line 26, in verify_sync_id
    store = store_service.create_store("Test Store", "123 Test St", True)
            ^^^^^^^^^^^^^^^^^^^^^^^^^^^^^^^^^^^^^^^^^^^^^^^^^^^^^^^^^^^^^
  File "C:\Users\Tar Emmanuel\Desktop\projectx\PharmPos\desktop_app\models.py", line 51, in create_store
    result = self.session.execute(stmt)
             ^^^^^^^^^^^^^^^^^^^^^^^^^^
  File "C:\Users\Tar Emmanuel\AppData\Local\Programs\Python\Python311\Lib\site-packages\sqlalchemy\orm\session.py", line 2351, in execute
    return self._execute_internal(
           ^^^^^^^^^^^^^^^^^^^^^^^
  File "C:\Users\Tar Emmanuel\AppData\Local\Programs\Python\Python311\Lib\site-packages\sqlalchemy\orm\session.py", line 2258, in _execute_internal
    result = conn.execute(
             ^^^^^^^^^^^^^
  File "C:\Users\Tar Emmanuel\AppData\Local\Programs\Python\Python311\Lib\site-packages\sqlalchemy\engine\base.py", line 1419, in execute
    return meth(
           ^^^^^
  File "C:\Users\Tar Emmanuel\AppData\Local\Programs\Python\Python311\Lib\site-packages\sqlalchemy\sql\elements.py", line 526, in _execute_on_connection
    return connection._execute_clauseelement(
           ^^^^^^^^^^^^^^^^^^^^^^^^^^^^^^^^^^
  File "C:\Users\Tar Emmanuel\AppData\Local\Programs\Python\Python311\Lib\site-packages\sqlalchemy\engine\base.py", line 1641, in _execute_clauseelement
    ret = self._execute_context(
          ^^^^^^^^^^^^^^^^^^^^^^
  File "C:\Users\Tar Emmanuel\AppData\Local\Programs\Python\Python311\Lib\site-packages\sqlalchemy\engine\base.py", line 1846, in _execute_context
    return self._exec_single_context(
           ^^^^^^^^^^^^^^^^^^^^^^^^^^
  File "C:\Users\Tar Emmanuel\AppData\Local\Programs\Python\Python311\Lib\site-packages\sqlalchemy\engine\base.py", line 1986, in _exec_single_context
    self._handle_dbapi_exception(
  File "C:\Users\Tar Emmanuel\AppData\Local\Programs\Python\Python311\Lib\site-packages\sqlalchemy\engine\base.py", line 2355, in _handle_dbapi_exception
    raise sqlalchemy_exception.with_traceback(exc_info[2]) from e
  File "C:\Users\Tar Emmanuel\AppData\Local\Programs\Python\Python311\Lib\site-packages\sqlalchemy\engine\base.py", line 1967, in _exec_single_context
    self.dialect.do_execute(
  File "C:\Users\Tar Emmanuel\AppData\Local\Programs\Python\Python311\Lib\site-packages\sqlalchemy\engine\default.py", line 951, in do_execute
    cursor.execute(statement, parameters)
sqlalchemy.exc.IntegrityError: (sqlite3.IntegrityError) UNIQUE constraint failed: stores.is_primary
[SQL: INSERT INTO stores (name, address, is_primary, sync_id) VALUES (?, ?, ?, ?)]
[parameters: ('Test Store', '123 Test St', 1, 'fb452bf0-80ab-4346-9ddc-65354bd595ac')]
(Background on this error at: https://sqlalche.me/e/20/gkpj)
Initializing DB...
Database initialized at: sqlite:///test_sync.db
Testing Store Creation...
TEST FAILED: (sqlite3.IntegrityError) UNIQUE constraint failed: stores.is_primary
[SQL: INSERT INTO stores (name, address, is_primary, sync_id) VALUES (?, ?, ?, ?)]
[parameters: ('Test Store', '123 Test St', 1, 'fb452bf0-80ab-4346-9ddc-65354bd595ac')]
(Background on this error at: https://sqlalche.me/e/20/gkpj)
