Traceback (most recent call last):
  File "C:\Users\Tar Emmanuel\AppData\Local\Programs\Python\Python311\Lib\site-packages\sqlalchemy\sql\elements.py", line 1517, in __getattr__
    return getattr(self.comparator, key)
           ^^^^^^^^^^^^^^^^^^^^^^^^^^^^^
AttributeError: 'Comparator' object has no attribute 'schema'

The above exception was the direct cause of the following exception:

Traceback (most recent call last):
  File "C:\Users\Tar Emmanuel\Desktop\projectx\PharmPos\verify_sync_id.py", line 10, in <module>
    from desktop_app.database import init_db, get_engine, stores, users, products, product_batches, sales, stock_transfers, stock_reservations, backorders, inventory_reconciliations
  File "C:\Users\Tar Emmanuel\Desktop\projectx\PharmPos\desktop_app\__init__.py", line 11, in <module>
    from desktop_app.database import init_db, get_engine, metadata
  File "C:\Users\Tar Emmanuel\Desktop\projectx\PharmPos\desktop_app\database.py", line 110, in <module>
    products = Table(
               ^^^^^^
  File "<string>", line 2, in __new__
  File "C:\Users\Tar Emmanuel\AppData\Local\Programs\Python\Python311\Lib\site-packages\sqlalchemy\util\deprecations.py", line 281, in warned
    return fn(*args, **kwargs)  # type: ignore[no-any-return]
           ^^^^^^^^^^^^^^^^^^^
  File "C:\Users\Tar Emmanuel\AppData\Local\Programs\Python\Python311\Lib\site-packages\sqlalchemy\sql\schema.py", line 429, in __new__
    return cls._new(*args, **kw)
           ^^^^^^^^^^^^^^^^^^^^^
  File "C:\Users\Tar Emmanuel\AppData\Local\Programs\Python\Python311\Lib\site-packages\sqlalchemy\sql\schema.py", line 447, in _new
    schema = metadata.schema
             ^^^^^^^^^^^^^^^
  File "C:\Users\Tar Emmanuel\AppData\Local\Programs\Python\Python311\Lib\site-packages\sqlalchemy\sql\elements.py", line 1519, in __getattr__
    raise AttributeError(
AttributeError: Neither 'Column' object nor 'Comparator' object has an attribute 'schema'
